cd ENIGMAsystem/SHELL/ && /usr/bin/make GMODE=Run GLINKS="-lz -framework Cocoa -lz -framework Cocoa -framework OpenGL -framework OpenAL" GFLAGS="-s -O3" GRAPHICS=OpenGL PLATFORM=Cocoa COMPILEPATH=MacOSX/MacOSX OUTPUTNAME="/Users/alasdairmorrison/EnigmaGIT/Enigma-Game-Maker/trunk/../trunk/MacOS/build/Release/EnigmaXcode.app/Contents/MacOS/EnigmaXcode" EXTENSIONS="Universal_System/Extensions/Alarms/Extension" EXTLINKS="Universal_System/Extensions/Alarms/.eobjs/MacOSX/MacOSX/*.o"
cd Graphics_Systems/OpenGL/   && /usr/bin/make this MODE=Run GFLAGS="-s -O3" ECFLAGS="" ECPPFLAGS="" OBJECTS=".eobjs/MacOSX/MacOSX/Run"
g++ -c GSscreen.cpp		-o .eobjs/MacOSX/MacOSX/Run/GSscreen.o -s -O3 
cd Platforms/Cocoa/          && /usr/bin/make this MODE=Run GFLAGS="-s -O3" ECFLAGS="" ECPPFLAGS="" OBJECTS=".eobjs/MacOSX/MacOSX/Run"
make[2]: Nothing to be done for `this'.
cd Universal_System/               && /usr/bin/make this MODE=Run GFLAGS="-s -O3" ECFLAGS="" ECPPFLAGS="" OBJECTS=".eobjs/MacOSX/MacOSX/Run"
g++ -c roomsystem.cpp		-o .eobjs/MacOSX/MacOSX/Run/roomsystem.o -s -O3 
roomsystem.cpp: In member function ‘void enigma::roomstruct::gotome()’:
roomsystem.cpp:96: error: ‘t’ was not declared in this scope
make[2]: *** [.eobjs/MacOSX/MacOSX/Run/roomsystem.o] Error 1
make[1]: *** [build] Error 2
make: *** [Game] Error 2
